<?xml version="1.0" encoding="UTF-8"?>
<testng-results ignored="0" total="1" passed="1" failed="0" skipped="0">
  <reporter-output>
  </reporter-output>
  <suite started-at="2023-05-26T09:57:45 IST" name="Default suite" finished-at="2023-05-26T09:57:45 IST" duration-ms="88">
    <groups>
    </groups>
    <test started-at="2023-05-26T09:57:45 IST" name="Default test" finished-at="2023-05-26T09:57:45 IST" duration-ms="88">
      <class name="com.Testng.HardAssert">
        <test-method signature="Demo()[pri:0, instance:com.Testng.HardAssert@3d5c822d]" started-at="2023-05-26T09:57:45 IST" name="Demo" finished-at="2023-05-26T09:57:45 IST" duration-ms="22" status="PASS">
          <reporter-output>
          </reporter-output>
        </test-method> <!-- Demo -->
      </class> <!-- com.Testng.HardAssert -->
    </test> <!-- Default test -->
  </suite> <!-- Default suite -->
</testng-results>
